<?xml version="1.0" encoding="UTF-8"?>
<!-- Generated by org.testng.reporters.JUnitXMLReporter -->
<testsuite ignored="0" hostname="DESKTOP-1S8TIOT" failures="2" tests="13" name="Test" time="97.695" errors="0" timestamp="2024-03-14T13:03:02 IST">
  <testcase classname="com.testattendancetracking.AttendanceTrackAutomateTest" name="TestDatePicker" time="1.52"/>
  <testcase classname="com.testattendancetracking.AttendanceTrackAutomateTest" name="testEnablingViewButtonWithValidDate" time="6.621"/>
  <testcase classname="com.testattendancetracking.AttendanceTrackAutomateTest" name="testErrorOnViewWithoutDate" time="2.171">
    <failure type="org.openqa.selenium.NoSuchElementException" message="no such element: Unable to locate element: {&amp;quot;method&amp;quot;:&amp;quot;xpath&amp;quot;,&amp;quot;selector&amp;quot;:&amp;quot;/html/body/div/div[1]/div[2]/div[2]/div[1]/div[2]/form/div[1]/div/div/div/span&amp;quot;}
  (Session info: chrome=122.0.6261.112)
For documentation on this error, please visit: https://www.selenium.dev/documentation/webdriver/troubleshooting/errors#no-such-element-exception
Build info: version: &amp;apos;4.18.1&amp;apos;, revision: &amp;apos;b1d3319b48&amp;apos;
System info: os.name: &amp;apos;Windows 10&amp;apos;, os.arch: &amp;apos;amd64&amp;apos;, os.version: &amp;apos;10.0&amp;apos;, java.version: &amp;apos;17.0.10&amp;apos;
Driver info: org.openqa.selenium.chrome.ChromeDriver
Command: [1e6f66f0decd457d63f941368a61e5fc, findElement {using=xpath, value=/html/body/div/div[1]/div[2]/div[2]/div[1]/div[2]/form/div[1]/div/div/div/span}]
Capabilities {acceptInsecureCerts: false, browserName: chrome, browserVersion: 122.0.6261.112, chrome: {chromedriverVersion: 121.0.6167.184 (057a8ae7deb..., userDataDir: C:\Users\LENOVO\AppData\Loc...}, fedcm:accounts: true, goog:chromeOptions: {debuggerAddress: localhost:50628}, networkConnectionEnabled: false, pageLoadStrategy: normal, platformName: windows, proxy: Proxy(), se:cdp: ws://localhost:50628/devtoo..., se:cdpVersion: 122.0.6261.112, setWindowRect: true, strictFileInteractability: false, timeouts: {implicit: 0, pageLoad: 300000, script: 30000}, unhandledPromptBehavior: dismiss and notify, webauthn:extension:credBlob: true, webauthn:extension:largeBlob: true, webauthn:extension:minPinLength: true, webauthn:extension:prf: true, webauthn:virtualAuthenticators: true}
Session ID: 1e6f66f0decd457d63f941368a61e5fc">
      <![CDATA[org.openqa.selenium.NoSuchElementException: no such element: Unable to locate element: {"method":"xpath","selector":"/html/body/div/div[1]/div[2]/div[2]/div[1]/div[2]/form/div[1]/div/div/div/span"}
  (Session info: chrome=122.0.6261.112)
For documentation on this error, please visit: https://www.selenium.dev/documentation/webdriver/troubleshooting/errors#no-such-element-exception
Build info: version: '4.18.1', revision: 'b1d3319b48'
System info: os.name: 'Windows 10', os.arch: 'amd64', os.version: '10.0', java.version: '17.0.10'
Driver info: org.openqa.selenium.chrome.ChromeDriver
Command: [1e6f66f0decd457d63f941368a61e5fc, findElement {using=xpath, value=/html/body/div/div[1]/div[2]/div[2]/div[1]/div[2]/form/div[1]/div/div/div/span}]
Capabilities {acceptInsecureCerts: false, browserName: chrome, browserVersion: 122.0.6261.112, chrome: {chromedriverVersion: 121.0.6167.184 (057a8ae7deb..., userDataDir: C:\Users\LENOVO\AppData\Loc...}, fedcm:accounts: true, goog:chromeOptions: {debuggerAddress: localhost:50628}, networkConnectionEnabled: false, pageLoadStrategy: normal, platformName: windows, proxy: Proxy(), se:cdp: ws://localhost:50628/devtoo..., se:cdpVersion: 122.0.6261.112, setWindowRect: true, strictFileInteractability: false, timeouts: {implicit: 0, pageLoad: 300000, script: 30000}, unhandledPromptBehavior: dismiss and notify, webauthn:extension:credBlob: true, webauthn:extension:largeBlob: true, webauthn:extension:minPinLength: true, webauthn:extension:prf: true, webauthn:virtualAuthenticators: true}
Session ID: 1e6f66f0decd457d63f941368a61e5fc
at org.openqa.selenium.remote.ErrorCodec.decode(ErrorCodec.java:167)
at org.openqa.selenium.remote.codec.w3c.W3CHttpResponseCodec.decode(W3CHttpResponseCodec.java:138)
at org.openqa.selenium.remote.codec.w3c.W3CHttpResponseCodec.decode(W3CHttpResponseCodec.java:50)
at org.openqa.selenium.remote.HttpCommandExecutor.execute(HttpCommandExecutor.java:190)
at org.openqa.selenium.remote.service.DriverCommandExecutor.invokeExecute(DriverCommandExecutor.java:216)
at org.openqa.selenium.remote.service.DriverCommandExecutor.execute(DriverCommandExecutor.java:174)
at org.openqa.selenium.remote.RemoteWebDriver.execute(RemoteWebDriver.java:519)
at org.openqa.selenium.remote.ElementLocation$ElementFinder$2.findElement(ElementLocation.java:165)
at org.openqa.selenium.remote.ElementLocation.findElement(ElementLocation.java:59)
at org.openqa.selenium.remote.RemoteWebDriver.findElement(RemoteWebDriver.java:356)
at org.openqa.selenium.remote.RemoteWebDriver.findElement(RemoteWebDriver.java:350)
at com.testattendancetracking.AttendanceTrackAutomateTest.testErrorOnViewWithoutDate(AttendanceTrackAutomateTest.java:224)
at java.base/java.util.ArrayList.forEach(ArrayList.java:1511)
... Removed 32 stack frames]]>
    </failure>
  </testcase> <!-- testErrorOnViewWithoutDate -->
  <testcase classname="com.testattendancetracking.AttendanceTrackAutomateTest" name="testInvalidDateDisablesViewButton" time="1.739">
    <failure type="java.lang.AssertionError" message="View button is enabled for an invalid date">
      <![CDATA[java.lang.AssertionError: View button is enabled for an invalid date
at com.testattendancetracking.AttendanceTrackAutomateTest.testInvalidDateDisablesViewButton(AttendanceTrackAutomateTest.java:210)
at java.base/java.util.ArrayList.forEach(ArrayList.java:1511)
... Removed 27 stack frames]]>
    </failure>
  </testcase> <!-- testInvalidDateDisablesViewButton -->
  <testcase classname="com.testattendancetracking.AttendanceTrackAutomateTest" name="testPresenceOfDatePicker" time="1.158"/>
  <testcase classname="com.testattendancetracking.AttendanceTrackAutomateTest" name="testPresenceOfMyRecordsOption" time="1.166"/>
  <testcase classname="com.testattendancetracking.AttendanceTrackAutomateTest" name="testToShowUserAttendanceReport" time="8.345"/>
  <testcase classname="com.testattendancetracking.AttendanceTrackAutomateTest" name="testToShowUsersAttendanceHistory" time="16.185"/>
  <testcase classname="com.testattendancetracking.AttendanceTrackAutomateTest" name="testToVerifyUserAttendanceHistory" time="6.263"/>
  <testcase classname="com.testattendancetracking.AttendanceTrackAutomateTest" name="testToVerifyUserAttendanceInReports" time="26.066"/>
  <testcase classname="com.testattendancetracking.AttendanceTrackAutomateTest" name="testToVerifyUserNameInReports" time="21.219"/>
  <testcase classname="com.testattendancetracking.AttendanceTrackAutomateTest" name="testViewButtonInitiallyEnabled" time="1.256"/>
  <testcase classname="com.testattendancetracking.AttendanceTrackAutomateTest" name="testViewWithValidDateDisplaysRecords" time="3.205"/>
</testsuite> <!-- Test -->
