<?xml version="1.0" encoding="UTF-8"?>
<testng-results ignored="0" total="5" passed="4" failed="1" skipped="0">
  <reporter-output>
  </reporter-output>
  <suite started-at="2024-03-13T14:52:57 IST" name="Suite" finished-at="2024-03-13T14:53:46 IST" duration-ms="49611">
    <groups>
    </groups>
    <test started-at="2024-03-13T14:52:57 IST" name="Test" finished-at="2024-03-13T14:53:46 IST" duration-ms="49611">
      <class name="com.orangehrm.admin.memberships.MembershipsOperationAutomateTest">
        <test-method is-config="true" signature="launchBrowser()[pri:0, instance:com.orangehrm.admin.memberships.MembershipsOperationAutomateTest@5b247367]" started-at="2024-03-13T14:52:43 IST" name="launchBrowser" finished-at="2024-03-13T14:52:57 IST" duration-ms="13360" status="PASS">
          <reporter-output>
          </reporter-output>
        </test-method> <!-- launchBrowser -->
        <test-method signature="TestErrorPromptForNoUpdation()[pri:0, instance:com.orangehrm.admin.memberships.MembershipsOperationAutomateTest@5b247367]" started-at="2024-03-13T14:52:57 IST" name="TestErrorPromptForNoUpdation" finished-at="2024-03-13T14:53:14 IST" duration-ms="16976" status="FAIL">
          <exception class="org.openqa.selenium.TimeoutException">
            <message>
              <![CDATA[Expected condition failed: waiting for presence of element located by: By.xpath: /html/body/div/div[1]/div[2]/div[2]/div/div/form/div[1]/div/span (tried for 10 second(s) with 500 milliseconds interval)]]>
            </message>
            <full-stacktrace>
              <![CDATA[org.openqa.selenium.TimeoutException: Expected condition failed: waiting for presence of element located by: By.xpath: /html/body/div/div[1]/div[2]/div[2]/div/div/form/div[1]/div/span (tried for 10 second(s) with 500 milliseconds interval)
at org.openqa.selenium.support.ui.WebDriverWait.timeoutException(WebDriverWait.java:84)
at org.openqa.selenium.support.ui.FluentWait.until(FluentWait.java:228)
at com.orangehrm.admin.memberships.MembershipsOperationAutomateTest.TestErrorPromptForNoUpdation(MembershipsOperationAutomateTest.java:116)
at java.base/jdk.internal.reflect.NativeMethodAccessorImpl.invoke0(Native Method)
at java.base/jdk.internal.reflect.NativeMethodAccessorImpl.invoke(NativeMethodAccessorImpl.java:77)
at java.base/jdk.internal.reflect.DelegatingMethodAccessorImpl.invoke(DelegatingMethodAccessorImpl.java:43)
at java.base/java.lang.reflect.Method.invoke(Method.java:568)
at org.testng.internal.invokers.MethodInvocationHelper.invokeMethod(MethodInvocationHelper.java:139)
at org.testng.internal.invokers.TestInvoker.invokeMethod(TestInvoker.java:664)
at org.testng.internal.invokers.TestInvoker.invokeTestMethod(TestInvoker.java:228)
at org.testng.internal.invokers.MethodRunner.runInSequence(MethodRunner.java:63)
at org.testng.internal.invokers.TestInvoker$MethodInvocationAgent.invoke(TestInvoker.java:961)
at org.testng.internal.invokers.TestInvoker.invokeTestMethods(TestInvoker.java:201)
at org.testng.internal.invokers.TestMethodWorker.invokeTestMethods(TestMethodWorker.java:148)
at org.testng.internal.invokers.TestMethodWorker.run(TestMethodWorker.java:128)
at java.base/java.util.ArrayList.forEach(ArrayList.java:1511)
at org.testng.TestRunner.privateRun(TestRunner.java:819)
at org.testng.TestRunner.run(TestRunner.java:619)
at org.testng.SuiteRunner.runTest(SuiteRunner.java:443)
at org.testng.SuiteRunner.runSequentially(SuiteRunner.java:437)
at org.testng.SuiteRunner.privateRun(SuiteRunner.java:397)
at org.testng.SuiteRunner.run(SuiteRunner.java:336)
at org.testng.SuiteRunnerWorker.runSuite(SuiteRunnerWorker.java:52)
at org.testng.SuiteRunnerWorker.run(SuiteRunnerWorker.java:95)
at org.testng.TestNG.runSuitesSequentially(TestNG.java:1301)
at org.testng.TestNG.runSuitesLocally(TestNG.java:1228)
at org.testng.TestNG.runSuites(TestNG.java:1134)
at org.testng.TestNG.run(TestNG.java:1101)
at org.testng.remote.AbstractRemoteTestNG.run(AbstractRemoteTestNG.java:115)
at org.testng.remote.RemoteTestNG.initAndRun(RemoteTestNG.java:251)
at org.testng.remote.RemoteTestNG.main(RemoteTestNG.java:77)
Caused by: org.openqa.selenium.NoSuchElementException: no such element: Unable to locate element: {"method":"xpath","selector":"/html/body/div/div[1]/div[2]/div[2]/div/div/form/div[1]/div/span"}
  (Session info: chrome=122.0.6261.112)
For documentation on this error, please visit: https://www.selenium.dev/documentation/webdriver/troubleshooting/errors#no-such-element-exception
Build info: version: '4.17.0', revision: 'e52b1be057*'
System info: os.name: 'Windows 10', os.arch: 'amd64', os.version: '10.0', java.version: '17.0.10'
Driver info: org.openqa.selenium.chrome.ChromeDriver
Command: [653ba55819df6d1b03946a93e9a42ed3, findElement {value=/html/body/div/div[1]/div[2]/div[2]/div/div/form/div[1]/div/span, using=xpath}]
Capabilities {acceptInsecureCerts: false, browserName: chrome, browserVersion: 122.0.6261.112, chrome: {chromedriverVersion: 121.0.6167.184 (057a8ae7deb..., userDataDir: C:\Users\LENOVO\AppData\Loc...}, fedcm:accounts: true, goog:chromeOptions: {debuggerAddress: localhost:62310}, networkConnectionEnabled: false, pageLoadStrategy: normal, platformName: windows, proxy: Proxy(), se:cdp: ws://localhost:62310/devtoo..., se:cdpVersion: 122.0.6261.112, setWindowRect: true, strictFileInteractability: false, timeouts: {implicit: 0, pageLoad: 300000, script: 30000}, unhandledPromptBehavior: dismiss and notify, webauthn:extension:credBlob: true, webauthn:extension:largeBlob: true, webauthn:extension:minPinLength: true, webauthn:extension:prf: true, webauthn:virtualAuthenticators: true}
Session ID: 653ba55819df6d1b03946a93e9a42ed3
at jdk.internal.reflect.GeneratedConstructorAccessor11.newInstance(Unknown Source)
at java.base/jdk.internal.reflect.DelegatingConstructorAccessorImpl.newInstance(DelegatingConstructorAccessorImpl.java:45)
at java.base/java.lang.reflect.Constructor.newInstanceWithCaller(Constructor.java:499)
at java.base/java.lang.reflect.Constructor.newInstance(Constructor.java:480)
at org.openqa.selenium.remote.codec.w3c.W3CHttpResponseCodec.createException(W3CHttpResponseCodec.java:185)
at org.openqa.selenium.remote.codec.w3c.W3CHttpResponseCodec.decode(W3CHttpResponseCodec.java:134)
at org.openqa.selenium.remote.codec.w3c.W3CHttpResponseCodec.decode(W3CHttpResponseCodec.java:51)
at org.openqa.selenium.remote.HttpCommandExecutor.execute(HttpCommandExecutor.java:190)
at org.openqa.selenium.remote.service.DriverCommandExecutor.invokeExecute(DriverCommandExecutor.java:216)
at org.openqa.selenium.remote.service.DriverCommandExecutor.execute(DriverCommandExecutor.java:174)
at org.openqa.selenium.remote.RemoteWebDriver.execute(RemoteWebDriver.java:519)
at org.openqa.selenium.remote.ElementLocation$ElementFinder$2.findElement(ElementLocation.java:165)
at org.openqa.selenium.remote.ElementLocation.findElement(ElementLocation.java:59)
at org.openqa.selenium.remote.RemoteWebDriver.findElement(RemoteWebDriver.java:356)
at org.openqa.selenium.remote.RemoteWebDriver.findElement(RemoteWebDriver.java:350)
at org.openqa.selenium.support.ui.ExpectedConditions$6.apply(ExpectedConditions.java:171)
at org.openqa.selenium.support.ui.ExpectedConditions$6.apply(ExpectedConditions.java:168)
at org.openqa.selenium.support.ui.FluentWait.until(FluentWait.java:203)
... 29 more
]]>
            </full-stacktrace>
          </exception> <!-- org.openqa.selenium.TimeoutException -->
          <reporter-output>
          </reporter-output>
        </test-method> <!-- TestErrorPromptForNoUpdation -->
        <test-method signature="addMembershiptest()[pri:0, instance:com.orangehrm.admin.memberships.MembershipsOperationAutomateTest@5b247367]" started-at="2024-03-13T14:53:14 IST" name="addMembershiptest" finished-at="2024-03-13T14:53:23 IST" duration-ms="8600" status="PASS">
          <reporter-output>
          </reporter-output>
        </test-method> <!-- addMembershiptest -->
        <test-method signature="deleteMembershiptest()[pri:0, instance:com.orangehrm.admin.memberships.MembershipsOperationAutomateTest@5b247367]" started-at="2024-03-13T14:53:23 IST" name="deleteMembershiptest" finished-at="2024-03-13T14:53:31 IST" duration-ms="8037" status="PASS">
          <reporter-output>
          </reporter-output>
        </test-method> <!-- deleteMembershiptest -->
        <test-method signature="editMembershiptest()[pri:0, instance:com.orangehrm.admin.memberships.MembershipsOperationAutomateTest@5b247367]" started-at="2024-03-13T14:53:31 IST" name="editMembershiptest" finished-at="2024-03-13T14:53:41 IST" duration-ms="9834" status="PASS">
          <reporter-output>
          </reporter-output>
        </test-method> <!-- editMembershiptest -->
        <test-method signature="testToShowErrorWithEmptyName()[pri:0, instance:com.orangehrm.admin.memberships.MembershipsOperationAutomateTest@5b247367]" started-at="2024-03-13T14:53:41 IST" name="testToShowErrorWithEmptyName" finished-at="2024-03-13T14:53:46 IST" duration-ms="5755" status="PASS">
          <reporter-output>
          </reporter-output>
        </test-method> <!-- testToShowErrorWithEmptyName -->
        <test-method is-config="true" signature="closingBrowser()[pri:0, instance:com.orangehrm.admin.memberships.MembershipsOperationAutomateTest@5b247367]" started-at="2024-03-13T14:53:46 IST" name="closingBrowser" finished-at="2024-03-13T14:53:47 IST" duration-ms="260" status="PASS">
          <reporter-output>
          </reporter-output>
        </test-method> <!-- closingBrowser -->
      </class> <!-- com.orangehrm.admin.memberships.MembershipsOperationAutomateTest -->
    </test> <!-- Test -->
  </suite> <!-- Suite -->
</testng-results>
