<?xml version="1.0" encoding="UTF-8"?>
<!-- Generated by org.testng.reporters.JUnitXMLReporter -->
<testsuite ignored="2" hostname="DESKTOP-1S8TIOT" failures="3" tests="15" name="MyTest" time="81.162" errors="0" timestamp="2024-03-02T20:26:08 IST">
  <testcase classname="com.attendancetracktests.ViewAttendanceHistoryTest" name="TestDatePicker" time="3.533"/>
  <testcase classname="com.attendancetracktests.ViewAttendanceHistoryTest" name="testEnablingViewButtonWithValidDate" time="6.5"/>
  <testcase classname="com.attendancetracktests.ViewAttendanceHistoryTest" name="testErrorOnViewWithoutDate" time="1.279"/>
  <testcase classname="com.attendancetracktests.ViewAttendanceHistoryTest" name="testInvalidDateDisablesViewButton" time="1.42">
    <failure type="java.lang.AssertionError" message="View button is enabled for an invalid date">
      <![CDATA[java.lang.AssertionError: View button is enabled for an invalid date
at com.attendancetracktests.ViewAttendanceHistoryTest.testInvalidDateDisablesViewButton(ViewAttendanceHistoryTest.java:201)
at java.base/java.util.ArrayList.forEach(ArrayList.java:1511)
... Removed 27 stack frames]]>
    </failure>
  </testcase> <!-- testInvalidDateDisablesViewButton -->
  <testcase classname="com.attendancetracktests.ViewAttendanceHistoryTest" name="testNavigationToMyRecords" time="1.043"/>
  <testcase classname="com.attendancetracktests.ViewAttendanceHistoryTest" name="testPresenceOfDatePicker" time="1.052"/>
  <testcase classname="com.attendancetracktests.ViewAttendanceHistoryTest" name="testPresenceOfMyRecordsOption" time="1.08"/>
  <testcase classname="com.attendancetracktests.ViewAttendanceHistoryTest" name="testToShowUsersAttendanceHistory" time="10.897"/>
  <testcase classname="com.attendancetracktests.ViewAttendanceHistoryTest" name="testToVerifyUserAttendanceHistory" time="1.418">
    <failure type="java.lang.AssertionError" message="expected [true] but found [false]">
      <![CDATA[java.lang.AssertionError: expected [true] but found [false]
at com.attendancetracktests.ViewAttendanceHistoryTest.testToVerifyUserAttendanceHistory(ViewAttendanceHistoryTest.java:68)
at java.base/java.util.ArrayList.forEach(ArrayList.java:1511)
... Removed 31 stack frames]]>
    </failure>
  </testcase> <!-- testToVerifyUserAttendanceHistory -->
  <testcase classname="com.attendancetracktests.ViewAttendanceHistoryTest" name="testViewButtonInitiallyEnabled" time="1.012"/>
  <testcase classname="com.attendancetracktests.ViewAttendanceHistoryTest" name="testViewWithValidDateDisplaysRecords" time="1.566"/>
  <testcase classname="com.attendancetracktests.AttendanceReportsValidationTest" name="testNavigationToAttendancReporttab" time="1.064"/>
  <testcase classname="com.attendancetracktests.AttendanceReportsValidationTest" name="testToShowUserAttendanceReport" time="8.792"/>
  <testcase classname="com.attendancetracktests.AttendanceReportsValidationTest" name="testToVerifyUserAttendanceInReports" time="24.925">
    <failure type="org.openqa.selenium.TimeoutException" message="Expected condition failed: waiting for presence of element located by: By.xpath: /html/body/div/div[1]/div[2]/div[2]/div[2]/div[3]/div/div[2]/div/div/div[6] (tried for 10 second(s) with 500 milliseconds interval)">
      <![CDATA[org.openqa.selenium.TimeoutException: Expected condition failed: waiting for presence of element located by: By.xpath: /html/body/div/div[1]/div[2]/div[2]/div[2]/div[3]/div/div[2]/div/div/div[6] (tried for 10 second(s) with 500 milliseconds interval)
at org.openqa.selenium.support.ui.WebDriverWait.timeoutException(WebDriverWait.java:84)
at org.openqa.selenium.support.ui.FluentWait.until(FluentWait.java:228)
at com.attendancetracktests.AttendanceReportsValidationTest.testToVerifyUserAttendanceInReports(AttendanceReportsValidationTest.java:147)
at java.base/java.util.ArrayList.forEach(ArrayList.java:1511)
Caused by: org.openqa.selenium.NoSuchElementException: no such element: Unable to locate element: {"method":"xpath","selector":"/html/body/div/div[1]/div[2]/div[2]/div[2]/div[3]/div/div[2]/div/div/div[6]"}
  (Session info: chrome=122.0.6261.95)
For documentation on this error, please visit: https://www.selenium.dev/documentation/webdriver/troubleshooting/errors#no-such-element-exception
Build info: version: '4.17.0', revision: 'e52b1be057*'
System info: os.name: 'Windows 10', os.arch: 'amd64', os.version: '10.0', java.version: '17.0.10'
Driver info: org.openqa.selenium.chrome.ChromeDriver
Command: [9c183fa01a7785d74cffd31d4f64b73f, findElement {value=/html/body/div/div[1]/div[2]/div[2]/div[2]/div[3]/div/div[2]/div/div/div[6], using=xpath}]
Capabilities {acceptInsecureCerts: false, browserName: chrome, browserVersion: 122.0.6261.95, chrome: {chromedriverVersion: 121.0.6167.184 (057a8ae7deb..., userDataDir: C:\Users\LENOVO\AppData\Loc...}, fedcm:accounts: true, goog:chromeOptions: {debuggerAddress: localhost:63462}, networkConnectionEnabled: false, pageLoadStrategy: normal, platformName: windows, proxy: Proxy(), se:cdp: ws://localhost:63462/devtoo..., se:cdpVersion: 122.0.6261.95, setWindowRect: true, strictFileInteractability: false, timeouts: {implicit: 0, pageLoad: 300000, script: 30000}, unhandledPromptBehavior: dismiss and notify, webauthn:extension:credBlob: true, webauthn:extension:largeBlob: true, webauthn:extension:minPinLength: true, webauthn:extension:prf: true, webauthn:virtualAuthenticators: true}
Session ID: 9c183fa01a7785d74cffd31d4f64b73f
at org.openqa.selenium.remote.codec.w3c.W3CHttpResponseCodec.createException(W3CHttpResponseCodec.java:185)
at org.openqa.selenium.remote.codec.w3c.W3CHttpResponseCodec.decode(W3CHttpResponseCodec.java:134)
at org.openqa.selenium.remote.codec.w3c.W3CHttpResponseCodec.decode(W3CHttpResponseCodec.java:51)
at org.openqa.selenium.remote.HttpCommandExecutor.execute(HttpCommandExecutor.java:190)
at org.openqa.selenium.remote.service.DriverCommandExecutor.invokeExecute(DriverCommandExecutor.java:216)
at org.openqa.selenium.remote.service.DriverCommandExecutor.execute(DriverCommandExecutor.java:174)
at org.openqa.selenium.remote.RemoteWebDriver.execute(RemoteWebDriver.java:519)
at org.openqa.selenium.remote.ElementLocation$ElementFinder$2.findElement(ElementLocation.java:165)
at org.openqa.selenium.remote.ElementLocation.findElement(ElementLocation.java:59)
at org.openqa.selenium.remote.RemoteWebDriver.findElement(RemoteWebDriver.java:356)
at org.openqa.selenium.remote.RemoteWebDriver.findElement(RemoteWebDriver.java:350)
at org.openqa.selenium.support.ui.ExpectedConditions$6.apply(ExpectedConditions.java:171)
at org.openqa.selenium.support.ui.ExpectedConditions$6.apply(ExpectedConditions.java:168)
at org.openqa.selenium.support.ui.FluentWait.until(FluentWait.java:203)
... 29 more
... Removed 31 stack frames]]>
    </failure>
  </testcase> <!-- testToVerifyUserAttendanceInReports -->
  <testcase classname="com.attendancetracktests.AttendanceReportsValidationTest" name="testToVerifyUserNameInReports" time="14.527"/>
  <testcase classname="com.utilities.TestUtilsMethod" name="@BeforeSuite launchBrowser" time="0.0">
    <ignored/>
  </testcase> <!-- @BeforeSuite launchBrowser -->
  <testcase classname="com.utilities.TestUtilsMethod" name="@AfterSuite closingBrowser" time="0.0">
    <ignored/>
  </testcase> <!-- @AfterSuite closingBrowser -->
</testsuite> <!-- MyTest -->
