<?xml version="1.0" encoding="UTF-8"?>
<!-- Generated by org.testng.reporters.JUnitXMLReporter -->
<testsuite ignored="10" hostname="DESKTOP-1S8TIOT" failures="1" tests="1" name="Default test" time="0.109" errors="0" timestamp="2024-03-12T16:06:43 IST">
  <testcase classname="com.testattendancetracking.ViewAttendanceHistoryTest" name="testNavigationToMyRecords" time="0.018">
    <failure type="org.openqa.selenium.NoSuchWindowException" message="no such window: target window already closed
from unknown error: web view not found
  (Session info: chrome=122.0.6261.112)
Build info: version: &amp;apos;4.18.1&amp;apos;, revision: &amp;apos;b1d3319b48&amp;apos;
System info: os.name: &amp;apos;Windows 10&amp;apos;, os.arch: &amp;apos;amd64&amp;apos;, os.version: &amp;apos;10.0&amp;apos;, java.version: &amp;apos;17.0.10&amp;apos;
Driver info: org.openqa.selenium.chrome.ChromeDriver
Command: [e5c5acf00176722decc62120b1ffdd2a, get {url=https://opensource-demo.orangehrmlive.com/web/index.php/attendance/viewMyAttendanceRecord}]
Capabilities {acceptInsecureCerts: false, browserName: chrome, browserVersion: 122.0.6261.112, chrome: {chromedriverVersion: 121.0.6167.184 (057a8ae7deb..., userDataDir: C:\Users\LENOVO\AppData\Loc...}, fedcm:accounts: true, goog:chromeOptions: {debuggerAddress: localhost:55228}, networkConnectionEnabled: false, pageLoadStrategy: normal, platformName: windows, proxy: Proxy(), se:cdp: ws://localhost:55228/devtoo..., se:cdpVersion: 122.0.6261.112, setWindowRect: true, strictFileInteractability: false, timeouts: {implicit: 0, pageLoad: 300000, script: 30000}, unhandledPromptBehavior: dismiss and notify, webauthn:extension:credBlob: true, webauthn:extension:largeBlob: true, webauthn:extension:minPinLength: true, webauthn:extension:prf: true, webauthn:virtualAuthenticators: true}
Session ID: e5c5acf00176722decc62120b1ffdd2a">
      <![CDATA[org.openqa.selenium.NoSuchWindowException: no such window: target window already closed
from unknown error: web view not found
  (Session info: chrome=122.0.6261.112)
Build info: version: '4.18.1', revision: 'b1d3319b48'
System info: os.name: 'Windows 10', os.arch: 'amd64', os.version: '10.0', java.version: '17.0.10'
Driver info: org.openqa.selenium.chrome.ChromeDriver
Command: [e5c5acf00176722decc62120b1ffdd2a, get {url=https://opensource-demo.orangehrmlive.com/web/index.php/attendance/viewMyAttendanceRecord}]
Capabilities {acceptInsecureCerts: false, browserName: chrome, browserVersion: 122.0.6261.112, chrome: {chromedriverVersion: 121.0.6167.184 (057a8ae7deb..., userDataDir: C:\Users\LENOVO\AppData\Loc...}, fedcm:accounts: true, goog:chromeOptions: {debuggerAddress: localhost:55228}, networkConnectionEnabled: false, pageLoadStrategy: normal, platformName: windows, proxy: Proxy(), se:cdp: ws://localhost:55228/devtoo..., se:cdpVersion: 122.0.6261.112, setWindowRect: true, strictFileInteractability: false, timeouts: {implicit: 0, pageLoad: 300000, script: 30000}, unhandledPromptBehavior: dismiss and notify, webauthn:extension:credBlob: true, webauthn:extension:largeBlob: true, webauthn:extension:minPinLength: true, webauthn:extension:prf: true, webauthn:virtualAuthenticators: true}
Session ID: e5c5acf00176722decc62120b1ffdd2a
at java.base/jdk.internal.reflect.NativeConstructorAccessorImpl.newInstance0(Native Method)
at java.base/jdk.internal.reflect.NativeConstructorAccessorImpl.newInstance(NativeConstructorAccessorImpl.java:77)
at java.base/jdk.internal.reflect.DelegatingConstructorAccessorImpl.newInstance(DelegatingConstructorAccessorImpl.java:45)
at java.base/java.lang.reflect.Constructor.newInstanceWithCaller(Constructor.java:499)
at java.base/java.lang.reflect.Constructor.newInstance(Constructor.java:480)
at org.openqa.selenium.remote.ErrorCodec.decode(ErrorCodec.java:167)
at org.openqa.selenium.remote.codec.w3c.W3CHttpResponseCodec.decode(W3CHttpResponseCodec.java:138)
at org.openqa.selenium.remote.codec.w3c.W3CHttpResponseCodec.decode(W3CHttpResponseCodec.java:50)
at org.openqa.selenium.remote.HttpCommandExecutor.execute(HttpCommandExecutor.java:190)
at org.openqa.selenium.remote.service.DriverCommandExecutor.invokeExecute(DriverCommandExecutor.java:216)
at org.openqa.selenium.remote.service.DriverCommandExecutor.execute(DriverCommandExecutor.java:174)
at org.openqa.selenium.remote.RemoteWebDriver.execute(RemoteWebDriver.java:519)
at org.openqa.selenium.remote.RemoteWebDriver.get(RemoteWebDriver.java:301)
at com.pageobjectpattern.NavigationTabMethods.navigationToMyRecords(NavigationTabMethods.java:13)
at com.testattendancetracking.ViewAttendanceHistoryTest.testNavigationToMyRecords(ViewAttendanceHistoryTest.java:33)
at java.base/jdk.internal.reflect.NativeMethodAccessorImpl.invoke0(Native Method)
at java.base/jdk.internal.reflect.NativeMethodAccessorImpl.invoke(NativeMethodAccessorImpl.java:77)
at java.base/jdk.internal.reflect.DelegatingMethodAccessorImpl.invoke(DelegatingMethodAccessorImpl.java:43)
at java.base/java.lang.reflect.Method.invoke(Method.java:568)
at org.testng.internal.invokers.MethodInvocationHelper.invokeMethod(MethodInvocationHelper.java:139)
at org.testng.internal.invokers.TestInvoker.invokeMethod(TestInvoker.java:664)
at org.testng.internal.invokers.TestInvoker.invokeTestMethod(TestInvoker.java:228)
at org.testng.internal.invokers.MethodRunner.runInSequence(MethodRunner.java:63)
at org.testng.internal.invokers.TestInvoker$MethodInvocationAgent.invoke(TestInvoker.java:961)
at org.testng.internal.invokers.TestInvoker.invokeTestMethods(TestInvoker.java:201)
at org.testng.internal.invokers.TestMethodWorker.invokeTestMethods(TestMethodWorker.java:148)
at org.testng.internal.invokers.TestMethodWorker.run(TestMethodWorker.java:128)
at java.base/java.util.ArrayList.forEach(ArrayList.java:1511)
at org.testng.TestRunner.privateRun(TestRunner.java:819)
at org.testng.TestRunner.run(TestRunner.java:619)
at org.testng.SuiteRunner.runTest(SuiteRunner.java:443)
at org.testng.SuiteRunner.runSequentially(SuiteRunner.java:437)
at org.testng.SuiteRunner.privateRun(SuiteRunner.java:397)
at org.testng.SuiteRunner.run(SuiteRunner.java:336)
at org.testng.SuiteRunnerWorker.runSuite(SuiteRunnerWorker.java:52)
at org.testng.SuiteRunnerWorker.run(SuiteRunnerWorker.java:95)
at org.testng.TestNG.runSuitesSequentially(TestNG.java:1301)
at org.testng.TestNG.runSuitesLocally(TestNG.java:1228)
at org.testng.TestNG.runSuites(TestNG.java:1134)
at org.testng.TestNG.run(TestNG.java:1101)
at org.testng.remote.AbstractRemoteTestNG.run(AbstractRemoteTestNG.java:115)
at org.testng.remote.RemoteTestNG.initAndRun(RemoteTestNG.java:251)
at org.testng.remote.RemoteTestNG.main(RemoteTestNG.java:77)
]]>
    </failure>
  </testcase> <!-- testNavigationToMyRecords -->
  <testcase classname="com.testattendancetracking.ViewAttendanceHistoryTest" name="testToVerifyUserAttendanceHistory" time="0.0">
    <ignored/>
  </testcase> <!-- testToVerifyUserAttendanceHistory -->
  <testcase classname="com.testattendancetracking.ViewAttendanceHistoryTest" name="testEnablingViewButtonWithValidDate" time="0.0">
    <ignored/>
  </testcase> <!-- testEnablingViewButtonWithValidDate -->
  <testcase classname="com.testattendancetracking.ViewAttendanceHistoryTest" name="testInvalidDateDisablesViewButton" time="0.0">
    <ignored/>
  </testcase> <!-- testInvalidDateDisablesViewButton -->
  <testcase classname="com.testattendancetracking.ViewAttendanceHistoryTest" name="testViewButtonInitiallyEnabled" time="0.0">
    <ignored/>
  </testcase> <!-- testViewButtonInitiallyEnabled -->
  <testcase classname="com.testattendancetracking.ViewAttendanceHistoryTest" name="testViewWithValidDateDisplaysRecords" time="0.0">
    <ignored/>
  </testcase> <!-- testViewWithValidDateDisplaysRecords -->
  <testcase classname="com.testattendancetracking.ViewAttendanceHistoryTest" name="TestDatePicker" time="0.0">
    <ignored/>
  </testcase> <!-- TestDatePicker -->
  <testcase classname="com.testattendancetracking.ViewAttendanceHistoryTest" name="testPresenceOfDatePicker" time="0.0">
    <ignored/>
  </testcase> <!-- testPresenceOfDatePicker -->
  <testcase classname="com.testattendancetracking.ViewAttendanceHistoryTest" name="testPresenceOfMyRecordsOption" time="0.0">
    <ignored/>
  </testcase> <!-- testPresenceOfMyRecordsOption -->
  <testcase classname="com.testattendancetracking.ViewAttendanceHistoryTest" name="testErrorOnViewWithoutDate" time="0.0">
    <ignored/>
  </testcase> <!-- testErrorOnViewWithoutDate -->
  <testcase classname="com.testattendancetracking.ViewAttendanceHistoryTest" name="testToShowUsersAttendanceHistory" time="0.0">
    <ignored/>
  </testcase> <!-- testToShowUsersAttendanceHistory -->
</testsuite> <!-- Default test -->
