<?xml version="1.0" encoding="UTF-8"?>
<!-- Generated by org.testng.reporters.JUnitXMLReporter -->
<testsuite ignored="26" hostname="DESKTOP-1S8TIOT" failures="5" tests="14" name="Test" time="108.725" errors="0" timestamp="2024-03-12T16:03:17 IST">
  <testcase classname="com.orangehrm.job.AddJobTitleAutomateTest" name="addJobTitle" time="6.288"/>
  <testcase classname="com.orangehrm.configuration.EmailConfigAutomateTest" name="configureEmailSettings" time="5.333"/>
  <testcase classname="com.orangehrm.usermanagement.UserMangementAutomateTest" name="addUserDetails" time="21.174"/>
  <testcase classname="com.orangehrm.assertionmethod.GetDataAndCompareTest" name="getDataAndCompare" time="5.924">
    <failure type="java.lang.AssertionError" message="Actual Language is not equal to expected language expected [Arabic] but found [[Arabic]]">
      <![CDATA[java.lang.AssertionError: Actual Language is not equal to expected language expected [Arabic] but found [[Arabic]]
at com.orangehrm.assertionmethod.GetDataAndCompareTest.getDataAndCompare(GetDataAndCompareTest.java:57)
at java.base/java.util.ArrayList.forEach(ArrayList.java:1511)
... Removed 31 stack frames]]>
    </failure>
  </testcase> <!-- getDataAndCompare -->
  <testcase classname="com.orangehrm.qualifications.AddSkillAutomateTest" name="addSkill" time="5.745"/>
  <testcase classname="com.orangehrm.job.AddPayGradeAutomateTest" name="addPayGrade" time="5.983"/>
  <testcase classname="com.orangehrm.organization.AddLocationAutomateTest" name="addLocation" time="6.825"/>
  <testcase classname="com.orangehrm.nationalities.AddNationalityAutomateTest" name="addNationality" time="5.713"/>
  <testcase classname="com.orangehrm.qualifications.AddLanguageAutomateTest" name="addLanguage" time="5.715">
    <failure type="java.lang.AssertionError">
      <![CDATA[java.lang.AssertionError: 
at com.orangehrm.qualifications.AddLanguageAutomateTest.addLanguage(AddLanguageAutomateTest.java:42)
at java.base/java.util.ArrayList.forEach(ArrayList.java:1511)
... Removed 30 stack frames]]>
    </failure>
  </testcase> <!-- addLanguage -->
  <testcase classname="com.orangehrm.qualifications.AddEducationAutomateTest" name="addEducation" time="5.639">
    <failure type="java.lang.AssertionError">
      <![CDATA[java.lang.AssertionError: 
at com.orangehrm.qualifications.AddEducationAutomateTest.addEducation(AddEducationAutomateTest.java:43)
at java.base/java.util.ArrayList.forEach(ArrayList.java:1511)
... Removed 30 stack frames]]>
    </failure>
  </testcase> <!-- addEducation -->
  <testcase classname="com.orangehrm.qualifications.AddLicenseAutomateTest" name="addLicense" time="5.724"/>
  <testcase classname="com.orangehrm.job.AddJobCategoryAutomateTest" name="addJobCategory" time="5.739"/>
  <testcase classname="com.orangehrm.job.AddEmploymentStatusAutomateTest" name="addEmploymentStatus" time="17.071">
    <failure type="org.openqa.selenium.TimeoutException" message="Expected condition failed: waiting for presence of element located by: By.xpath: /html/body/div/div[1]/div[2]/div[2]/div/div[2]/div (tried for 10 second(s) with 500 milliseconds interval)">
      <![CDATA[org.openqa.selenium.TimeoutException: Expected condition failed: waiting for presence of element located by: By.xpath: /html/body/div/div[1]/div[2]/div[2]/div/div[2]/div (tried for 10 second(s) with 500 milliseconds interval)
at org.openqa.selenium.support.ui.WebDriverWait.timeoutException(WebDriverWait.java:84)
at org.openqa.selenium.support.ui.FluentWait.until(FluentWait.java:228)
at com.orangehrm.job.AddEmploymentStatusAutomateTest.addEmploymentStatus(AddEmploymentStatusAutomateTest.java:43)
at java.base/java.util.ArrayList.forEach(ArrayList.java:1511)
Caused by: org.openqa.selenium.NoSuchElementException: no such element: Unable to locate element: {"method":"xpath","selector":"/html/body/div/div[1]/div[2]/div[2]/div/div[2]/div"}
  (Session info: chrome=122.0.6261.112)
For documentation on this error, please visit: https://www.selenium.dev/documentation/webdriver/troubleshooting/errors#no-such-element-exception
Build info: version: '4.17.0', revision: 'e52b1be057*'
System info: os.name: 'Windows 10', os.arch: 'amd64', os.version: '10.0', java.version: '17.0.10'
Driver info: org.openqa.selenium.chrome.ChromeDriver
Command: [8ebecfd9a79069cfd915fc8722934b24, findElement {using=xpath, value=/html/body/div/div[1]/div[2]/div[2]/div/div[2]/div}]
Capabilities {acceptInsecureCerts: false, browserName: chrome, browserVersion: 122.0.6261.112, chrome: {chromedriverVersion: 121.0.6167.184 (057a8ae7deb..., userDataDir: C:\Users\LENOVO\AppData\Loc...}, fedcm:accounts: true, goog:chromeOptions: {debuggerAddress: localhost:55173}, networkConnectionEnabled: false, pageLoadStrategy: normal, platformName: windows, proxy: Proxy(), se:cdp: ws://localhost:55173/devtoo..., se:cdpVersion: 122.0.6261.112, setWindowRect: true, strictFileInteractability: false, timeouts: {implicit: 0, pageLoad: 300000, script: 30000}, unhandledPromptBehavior: dismiss and notify, webauthn:extension:credBlob: true, webauthn:extension:largeBlob: true, webauthn:extension:minPinLength: true, webauthn:extension:prf: true, webauthn:virtualAuthenticators: true}
Session ID: 8ebecfd9a79069cfd915fc8722934b24
at org.openqa.selenium.remote.codec.w3c.W3CHttpResponseCodec.createException(W3CHttpResponseCodec.java:185)
at org.openqa.selenium.remote.codec.w3c.W3CHttpResponseCodec.decode(W3CHttpResponseCodec.java:134)
at org.openqa.selenium.remote.codec.w3c.W3CHttpResponseCodec.decode(W3CHttpResponseCodec.java:51)
at org.openqa.selenium.remote.HttpCommandExecutor.execute(HttpCommandExecutor.java:190)
at org.openqa.selenium.remote.service.DriverCommandExecutor.invokeExecute(DriverCommandExecutor.java:216)
at org.openqa.selenium.remote.service.DriverCommandExecutor.execute(DriverCommandExecutor.java:174)
at org.openqa.selenium.remote.RemoteWebDriver.execute(RemoteWebDriver.java:519)
at org.openqa.selenium.remote.ElementLocation$ElementFinder$2.findElement(ElementLocation.java:165)
at org.openqa.selenium.remote.ElementLocation.findElement(ElementLocation.java:59)
at org.openqa.selenium.remote.RemoteWebDriver.findElement(RemoteWebDriver.java:356)
at org.openqa.selenium.remote.RemoteWebDriver.findElement(RemoteWebDriver.java:350)
at org.openqa.selenium.support.ui.ExpectedConditions$6.apply(ExpectedConditions.java:171)
at org.openqa.selenium.support.ui.ExpectedConditions$6.apply(ExpectedConditions.java:168)
at org.openqa.selenium.support.ui.FluentWait.until(FluentWait.java:203)
... 29 more
... Removed 31 stack frames]]>
    </failure>
  </testcase> <!-- addEmploymentStatus -->
  <testcase classname="com.orangehrm.configuration.AddProviderAutomateTest" name="addProvider" time="5.737">
    <failure type="java.lang.AssertionError">
      <![CDATA[java.lang.AssertionError: 
at com.orangehrm.configuration.AddProviderAutomateTest.addProvider(AddProviderAutomateTest.java:60)
at java.base/java.util.ArrayList.forEach(ArrayList.java:1511)
... Removed 30 stack frames]]>
    </failure>
  </testcase> <!-- addProvider -->
  <testcase classname="com.commonutils.TestUtilsMethod" name="@BeforeSuite launchBrowser" time="0.0">
    <ignored/>
  </testcase> <!-- @BeforeSuite launchBrowser -->
  <testcase classname="com.commonutils.TestUtilsMethod" name="@AfterSuite closingBrowser" time="0.0">
    <ignored/>
  </testcase> <!-- @AfterSuite closingBrowser -->
  <testcase classname="com.commonutils.TestUtilsMethod" name="@BeforeSuite launchBrowser" time="0.0">
    <ignored/>
  </testcase> <!-- @BeforeSuite launchBrowser -->
  <testcase classname="com.commonutils.TestUtilsMethod" name="@AfterSuite closingBrowser" time="0.0">
    <ignored/>
  </testcase> <!-- @AfterSuite closingBrowser -->
  <testcase classname="com.commonutils.TestUtilsMethod" name="@AfterSuite closingBrowser" time="0.0">
    <ignored/>
  </testcase> <!-- @AfterSuite closingBrowser -->
  <testcase classname="com.commonutils.TestUtilsMethod" name="@BeforeSuite launchBrowser" time="0.0">
    <ignored/>
  </testcase> <!-- @BeforeSuite launchBrowser -->
  <testcase classname="com.commonutils.TestUtilsMethod" name="@BeforeSuite launchBrowser" time="0.0">
    <ignored/>
  </testcase> <!-- @BeforeSuite launchBrowser -->
  <testcase classname="com.commonutils.TestUtilsMethod" name="@BeforeSuite launchBrowser" time="0.0">
    <ignored/>
  </testcase> <!-- @BeforeSuite launchBrowser -->
  <testcase classname="com.commonutils.TestUtilsMethod" name="@AfterSuite closingBrowser" time="0.0">
    <ignored/>
  </testcase> <!-- @AfterSuite closingBrowser -->
  <testcase classname="com.commonutils.TestUtilsMethod" name="@AfterSuite closingBrowser" time="0.0">
    <ignored/>
  </testcase> <!-- @AfterSuite closingBrowser -->
  <testcase classname="com.commonutils.TestUtilsMethod" name="@AfterSuite closingBrowser" time="0.0">
    <ignored/>
  </testcase> <!-- @AfterSuite closingBrowser -->
  <testcase classname="com.commonutils.TestUtilsMethod" name="@AfterSuite closingBrowser" time="0.0">
    <ignored/>
  </testcase> <!-- @AfterSuite closingBrowser -->
  <testcase classname="com.commonutils.TestUtilsMethod" name="@BeforeSuite launchBrowser" time="0.0">
    <ignored/>
  </testcase> <!-- @BeforeSuite launchBrowser -->
  <testcase classname="com.commonutils.TestUtilsMethod" name="@BeforeSuite launchBrowser" time="0.0">
    <ignored/>
  </testcase> <!-- @BeforeSuite launchBrowser -->
  <testcase classname="com.commonutils.TestUtilsMethod" name="@AfterSuite closingBrowser" time="0.0">
    <ignored/>
  </testcase> <!-- @AfterSuite closingBrowser -->
  <testcase classname="com.commonutils.TestUtilsMethod" name="@AfterSuite closingBrowser" time="0.0">
    <ignored/>
  </testcase> <!-- @AfterSuite closingBrowser -->
  <testcase classname="com.commonutils.TestUtilsMethod" name="@AfterSuite closingBrowser" time="0.0">
    <ignored/>
  </testcase> <!-- @AfterSuite closingBrowser -->
  <testcase classname="com.commonutils.TestUtilsMethod" name="@BeforeSuite launchBrowser" time="0.0">
    <ignored/>
  </testcase> <!-- @BeforeSuite launchBrowser -->
  <testcase classname="com.commonutils.TestUtilsMethod" name="@BeforeSuite launchBrowser" time="0.0">
    <ignored/>
  </testcase> <!-- @BeforeSuite launchBrowser -->
  <testcase classname="com.commonutils.TestUtilsMethod" name="@BeforeSuite launchBrowser" time="0.0">
    <ignored/>
  </testcase> <!-- @BeforeSuite launchBrowser -->
  <testcase classname="com.commonutils.TestUtilsMethod" name="@BeforeSuite launchBrowser" time="0.0">
    <ignored/>
  </testcase> <!-- @BeforeSuite launchBrowser -->
  <testcase classname="com.commonutils.TestUtilsMethod" name="@AfterSuite closingBrowser" time="0.0">
    <ignored/>
  </testcase> <!-- @AfterSuite closingBrowser -->
  <testcase classname="com.commonutils.TestUtilsMethod" name="@AfterSuite closingBrowser" time="0.0">
    <ignored/>
  </testcase> <!-- @AfterSuite closingBrowser -->
  <testcase classname="com.commonutils.TestUtilsMethod" name="@BeforeSuite launchBrowser" time="0.0">
    <ignored/>
  </testcase> <!-- @BeforeSuite launchBrowser -->
  <testcase classname="com.commonutils.TestUtilsMethod" name="@BeforeSuite launchBrowser" time="0.0">
    <ignored/>
  </testcase> <!-- @BeforeSuite launchBrowser -->
  <testcase classname="com.commonutils.TestUtilsMethod" name="@AfterSuite closingBrowser" time="0.0">
    <ignored/>
  </testcase> <!-- @AfterSuite closingBrowser -->
</testsuite> <!-- Test -->
