<!DOCTYPE html PUBLIC "-//W3C//DTD XHTML 1.1//EN" "https://www.w3.org/TR/xhtml11/DTD/xhtml11.dtd">
<html xmlns="https://www.w3.org/1999/xhtml">
<head>
<meta http-equiv="content-type" content="text/html; charset=UTF-8"/>
<title>TestNG Report</title>
<style type="text/css">table {margin-bottom:10px;border-collapse:collapse;empty-cells:show}th,td {border:1px solid #009;padding:.25em .5em}th {vertical-align:bottom}td {vertical-align:top}table a {font-weight:bold}.stripe td {background-color: #E6EBF9}.num {text-align:right}.passedodd td {background-color: #3F3}.passedeven td {background-color: #0A0}.skippedodd td {background-color: #DDD}.skippedeven td {background-color: #CCC}.failedodd td,.attn {background-color: #F33}.failedeven td,.stripe .attn {background-color: #D00}.stacktrace {white-space:pre;font-family:monospace}.totop {font-size:85%;text-align:center;border-bottom:2px solid #000}.invisible {display:none}</style>
</head>
<body>
<table>
<tr><th>Test</th><th># Passed</th><th># Skipped</th><th># Retried</th><th># Failed</th><th>Time (ms)</th><th>Included Groups</th><th>Excluded Groups</th></tr>
<tr><th colspan="8">Suite</th></tr>
<tr><td><a href="#t0">Test</a></td><td class="num">11</td><td class="num">0</td><td class="num">0</td><td class="num attn">2</td><td class="num">97,695</td><td></td><td></td></tr>
</table>
<table id='summary'><thead><tr><th>Class</th><th>Method</th><th>Start</th><th>Time (ms)</th></tr></thead><tbody><tr><th colspan="4">Suite</th></tr></tbody><tbody id="t0"><tr><th colspan="4">Test &#8212; failed</th></tr><tr class="failedeven"><td rowspan="2">com.testattendancetracking.AttendanceTrackAutomateTest</td><td><a href="#m0">testErrorOnViewWithoutDate</a></td><td rowspan="1">1710401492859</td><td rowspan="1">2171</td></tr><tr class="failedeven"><td><a href="#m1">testInvalidDateDisablesViewButton</a></td><td rowspan="1">1710401495370</td><td rowspan="1">1739</td></tr><tr><th colspan="4">Test &#8212; passed</th></tr><tr class="passedeven"><td rowspan="11">com.testattendancetracking.AttendanceTrackAutomateTest</td><td><a href="#m2">TestDatePicker</a></td><td rowspan="1">1710401484711</td><td rowspan="1">1520</td></tr><tr class="passedeven"><td><a href="#m3">testEnablingViewButtonWithValidDate</a></td><td rowspan="1">1710401486234</td><td rowspan="1">6621</td></tr><tr class="passedeven"><td><a href="#m4">testPresenceOfDatePicker</a></td><td rowspan="1">1710401497440</td><td rowspan="1">1158</td></tr><tr class="passedeven"><td><a href="#m5">testPresenceOfMyRecordsOption</a></td><td rowspan="1">1710401498602</td><td rowspan="1">1166</td></tr><tr class="passedeven"><td><a href="#m6">testToShowUserAttendanceReport</a></td><td rowspan="1">1710401499773</td><td rowspan="1">8345</td></tr><tr class="passedeven"><td><a href="#m7">testToShowUsersAttendanceHistory</a></td><td rowspan="1">1710401508122</td><td rowspan="1">16185</td></tr><tr class="passedeven"><td><a href="#m8">testToVerifyUserAttendanceHistory</a></td><td rowspan="1">1710401524310</td><td rowspan="1">6263</td></tr><tr class="passedeven"><td><a href="#m9">testToVerifyUserAttendanceInReports</a></td><td rowspan="1">1710401530577</td><td rowspan="1">26066</td></tr><tr class="passedeven"><td><a href="#m10">testToVerifyUserNameInReports</a></td><td rowspan="1">1710401556645</td><td rowspan="1">21219</td></tr><tr class="passedeven"><td><a href="#m11">testViewButtonInitiallyEnabled</a></td><td rowspan="1">1710401577869</td><td rowspan="1">1256</td></tr><tr class="passedeven"><td><a href="#m12">testViewWithValidDateDisplaysRecords</a></td><td rowspan="1">1710401579129</td><td rowspan="1">3205</td></tr></tbody>
</table>
<h2>Test</h2><h3 id="m0">com.testattendancetracking.AttendanceTrackAutomateTest#testErrorOnViewWithoutDate</h3><table class="result"><tr><th>Exception</th></tr><tr><td><div class="stacktrace">org.openqa.selenium.NoSuchElementException: no such element: Unable to locate element: {&quot;method&quot;:&quot;xpath&quot;,&quot;selector&quot;:&quot;/html/body/div/div[1]/div[2]/div[2]/div[1]/div[2]/form/div[1]/div/div/div/span&quot;}
  (Session info: chrome=122.0.6261.112)
For documentation on this error, please visit: https://www.selenium.dev/documentation/webdriver/troubleshooting/errors#no-such-element-exception
Build info: version: &apos;4.18.1&apos;, revision: &apos;b1d3319b48&apos;
System info: os.name: &apos;Windows 10&apos;, os.arch: &apos;amd64&apos;, os.version: &apos;10.0&apos;, java.version: &apos;17.0.10&apos;
Driver info: org.openqa.selenium.chrome.ChromeDriver
Command: [1e6f66f0decd457d63f941368a61e5fc, findElement {using=xpath, value=/html/body/div/div[1]/div[2]/div[2]/div[1]/div[2]/form/div[1]/div/div/div/span}]
Capabilities {acceptInsecureCerts: false, browserName: chrome, browserVersion: 122.0.6261.112, chrome: {chromedriverVersion: 121.0.6167.184 (057a8ae7deb..., userDataDir: C:\Users\LENOVO\AppData\Loc...}, fedcm:accounts: true, goog:chromeOptions: {debuggerAddress: localhost:50628}, networkConnectionEnabled: false, pageLoadStrategy: normal, platformName: windows, proxy: Proxy(), se:cdp: ws://localhost:50628/devtoo..., se:cdpVersion: 122.0.6261.112, setWindowRect: true, strictFileInteractability: false, timeouts: {implicit: 0, pageLoad: 300000, script: 30000}, unhandledPromptBehavior: dismiss and notify, webauthn:extension:credBlob: true, webauthn:extension:largeBlob: true, webauthn:extension:minPinLength: true, webauthn:extension:prf: true, webauthn:virtualAuthenticators: true}
Session ID: 1e6f66f0decd457d63f941368a61e5fc
	at org.openqa.selenium.remote.ErrorCodec.decode(ErrorCodec.java:167)
	at org.openqa.selenium.remote.codec.w3c.W3CHttpResponseCodec.decode(W3CHttpResponseCodec.java:138)
	at org.openqa.selenium.remote.codec.w3c.W3CHttpResponseCodec.decode(W3CHttpResponseCodec.java:50)
	at org.openqa.selenium.remote.HttpCommandExecutor.execute(HttpCommandExecutor.java:190)
	at org.openqa.selenium.remote.service.DriverCommandExecutor.invokeExecute(DriverCommandExecutor.java:216)
	at org.openqa.selenium.remote.service.DriverCommandExecutor.execute(DriverCommandExecutor.java:174)
	at org.openqa.selenium.remote.RemoteWebDriver.execute(RemoteWebDriver.java:519)
	at org.openqa.selenium.remote.ElementLocation$ElementFinder$2.findElement(ElementLocation.java:165)
	at org.openqa.selenium.remote.ElementLocation.findElement(ElementLocation.java:59)
	at org.openqa.selenium.remote.RemoteWebDriver.findElement(RemoteWebDriver.java:356)
	at org.openqa.selenium.remote.RemoteWebDriver.findElement(RemoteWebDriver.java:350)
	at com.testattendancetracking.AttendanceTrackAutomateTest.testErrorOnViewWithoutDate(AttendanceTrackAutomateTest.java:224)
	at java.base/java.util.ArrayList.forEach(ArrayList.java:1511)
... Removed 32 stack frames</div></td></tr></table><p class="totop"><a href="#summary">back to summary</a></p>
<h3 id="m1">com.testattendancetracking.AttendanceTrackAutomateTest#testInvalidDateDisablesViewButton</h3><table class="result"><tr><th>Exception</th></tr><tr><td><div class="stacktrace">java.lang.AssertionError: View button is enabled for an invalid date
	at com.testattendancetracking.AttendanceTrackAutomateTest.testInvalidDateDisablesViewButton(AttendanceTrackAutomateTest.java:210)
	at java.base/java.util.ArrayList.forEach(ArrayList.java:1511)
... Removed 27 stack frames</div></td></tr></table><p class="totop"><a href="#summary">back to summary</a></p>
<h3 id="m2">com.testattendancetracking.AttendanceTrackAutomateTest#TestDatePicker</h3><table class="result"><tr><th class="invisible"/></tr></table><p class="totop"><a href="#summary">back to summary</a></p>
<h3 id="m3">com.testattendancetracking.AttendanceTrackAutomateTest#testEnablingViewButtonWithValidDate</h3><table class="result"><tr><th class="invisible"/></tr></table><p class="totop"><a href="#summary">back to summary</a></p>
<h3 id="m4">com.testattendancetracking.AttendanceTrackAutomateTest#testPresenceOfDatePicker</h3><table class="result"><tr><th class="invisible"/></tr></table><p class="totop"><a href="#summary">back to summary</a></p>
<h3 id="m5">com.testattendancetracking.AttendanceTrackAutomateTest#testPresenceOfMyRecordsOption</h3><table class="result"><tr><th class="invisible"/></tr></table><p class="totop"><a href="#summary">back to summary</a></p>
<h3 id="m6">com.testattendancetracking.AttendanceTrackAutomateTest#testToShowUserAttendanceReport</h3><table class="result"><tr><th class="invisible"/></tr></table><p class="totop"><a href="#summary">back to summary</a></p>
<h3 id="m7">com.testattendancetracking.AttendanceTrackAutomateTest#testToShowUsersAttendanceHistory</h3><table class="result"><tr><th class="invisible"/></tr></table><p class="totop"><a href="#summary">back to summary</a></p>
<h3 id="m8">com.testattendancetracking.AttendanceTrackAutomateTest#testToVerifyUserAttendanceHistory</h3><table class="result"><tr><th class="invisible"/></tr></table><p class="totop"><a href="#summary">back to summary</a></p>
<h3 id="m9">com.testattendancetracking.AttendanceTrackAutomateTest#testToVerifyUserAttendanceInReports</h3><table class="result"><tr><th class="invisible"/></tr></table><p class="totop"><a href="#summary">back to summary</a></p>
<h3 id="m10">com.testattendancetracking.AttendanceTrackAutomateTest#testToVerifyUserNameInReports</h3><table class="result"><tr><th class="invisible"/></tr></table><p class="totop"><a href="#summary">back to summary</a></p>
<h3 id="m11">com.testattendancetracking.AttendanceTrackAutomateTest#testViewButtonInitiallyEnabled</h3><table class="result"><tr><th class="invisible"/></tr></table><p class="totop"><a href="#summary">back to summary</a></p>
<h3 id="m12">com.testattendancetracking.AttendanceTrackAutomateTest#testViewWithValidDateDisplaysRecords</h3><table class="result"><tr><th class="invisible"/></tr></table><p class="totop"><a href="#summary">back to summary</a></p>
</body>
</html>
