<?xml version="1.0" encoding="UTF-8"?>
<testng-results ignored="0" total="13" passed="11" failed="2" skipped="0">
  <reporter-output>
  </reporter-output>
  <suite started-at="2024-03-14T13:01:24 IST" name="Suite" finished-at="2024-03-14T13:03:02 IST" duration-ms="97695">
    <groups>
    </groups>
    <test started-at="2024-03-14T13:01:24 IST" name="Test" finished-at="2024-03-14T13:03:02 IST" duration-ms="97695">
      <class name="com.testattendancetracking.AttendanceTrackAutomateTest">
        <test-method is-config="true" signature="launchBrowser()[pri:0, instance:com.testattendancetracking.AttendanceTrackAutomateTest@59402b8f]" started-at="2024-03-14T13:00:33 IST" name="launchBrowser" finished-at="2024-03-14T13:01:24 IST" duration-ms="50981" status="PASS">
          <reporter-output>
          </reporter-output>
        </test-method> <!-- launchBrowser -->
        <test-method signature="TestDatePicker()[pri:0, instance:com.testattendancetracking.AttendanceTrackAutomateTest@59402b8f]" started-at="2024-03-14T13:01:24 IST" name="TestDatePicker" finished-at="2024-03-14T13:01:26 IST" duration-ms="1520" status="PASS">
          <reporter-output>
          </reporter-output>
        </test-method> <!-- TestDatePicker -->
        <test-method signature="testEnablingViewButtonWithValidDate()[pri:0, instance:com.testattendancetracking.AttendanceTrackAutomateTest@59402b8f]" started-at="2024-03-14T13:01:26 IST" name="testEnablingViewButtonWithValidDate" finished-at="2024-03-14T13:01:32 IST" duration-ms="6621" status="PASS">
          <reporter-output>
          </reporter-output>
        </test-method> <!-- testEnablingViewButtonWithValidDate -->
        <test-method signature="testErrorOnViewWithoutDate()[pri:0, instance:com.testattendancetracking.AttendanceTrackAutomateTest@59402b8f]" started-at="2024-03-14T13:01:32 IST" name="testErrorOnViewWithoutDate" finished-at="2024-03-14T13:01:35 IST" duration-ms="2171" status="FAIL">
          <exception class="org.openqa.selenium.NoSuchElementException">
            <message>
              <![CDATA[no such element: Unable to locate element: {"method":"xpath","selector":"/html/body/div/div[1]/div[2]/div[2]/div[1]/div[2]/form/div[1]/div/div/div/span"}
  (Session info: chrome=122.0.6261.112)
For documentation on this error, please visit: https://www.selenium.dev/documentation/webdriver/troubleshooting/errors#no-such-element-exception
Build info: version: '4.18.1', revision: 'b1d3319b48'
System info: os.name: 'Windows 10', os.arch: 'amd64', os.version: '10.0', java.version: '17.0.10'
Driver info: org.openqa.selenium.chrome.ChromeDriver
Command: [1e6f66f0decd457d63f941368a61e5fc, findElement {using=xpath, value=/html/body/div/div[1]/div[2]/div[2]/div[1]/div[2]/form/div[1]/div/div/div/span}]
Capabilities {acceptInsecureCerts: false, browserName: chrome, browserVersion: 122.0.6261.112, chrome: {chromedriverVersion: 121.0.6167.184 (057a8ae7deb..., userDataDir: C:\Users\LENOVO\AppData\Loc...}, fedcm:accounts: true, goog:chromeOptions: {debuggerAddress: localhost:50628}, networkConnectionEnabled: false, pageLoadStrategy: normal, platformName: windows, proxy: Proxy(), se:cdp: ws://localhost:50628/devtoo..., se:cdpVersion: 122.0.6261.112, setWindowRect: true, strictFileInteractability: false, timeouts: {implicit: 0, pageLoad: 300000, script: 30000}, unhandledPromptBehavior: dismiss and notify, webauthn:extension:credBlob: true, webauthn:extension:largeBlob: true, webauthn:extension:minPinLength: true, webauthn:extension:prf: true, webauthn:virtualAuthenticators: true}
Session ID: 1e6f66f0decd457d63f941368a61e5fc]]>
            </message>
            <full-stacktrace>
              <![CDATA[org.openqa.selenium.NoSuchElementException: no such element: Unable to locate element: {"method":"xpath","selector":"/html/body/div/div[1]/div[2]/div[2]/div[1]/div[2]/form/div[1]/div/div/div/span"}
  (Session info: chrome=122.0.6261.112)
For documentation on this error, please visit: https://www.selenium.dev/documentation/webdriver/troubleshooting/errors#no-such-element-exception
Build info: version: '4.18.1', revision: 'b1d3319b48'
System info: os.name: 'Windows 10', os.arch: 'amd64', os.version: '10.0', java.version: '17.0.10'
Driver info: org.openqa.selenium.chrome.ChromeDriver
Command: [1e6f66f0decd457d63f941368a61e5fc, findElement {using=xpath, value=/html/body/div/div[1]/div[2]/div[2]/div[1]/div[2]/form/div[1]/div/div/div/span}]
Capabilities {acceptInsecureCerts: false, browserName: chrome, browserVersion: 122.0.6261.112, chrome: {chromedriverVersion: 121.0.6167.184 (057a8ae7deb..., userDataDir: C:\Users\LENOVO\AppData\Loc...}, fedcm:accounts: true, goog:chromeOptions: {debuggerAddress: localhost:50628}, networkConnectionEnabled: false, pageLoadStrategy: normal, platformName: windows, proxy: Proxy(), se:cdp: ws://localhost:50628/devtoo..., se:cdpVersion: 122.0.6261.112, setWindowRect: true, strictFileInteractability: false, timeouts: {implicit: 0, pageLoad: 300000, script: 30000}, unhandledPromptBehavior: dismiss and notify, webauthn:extension:credBlob: true, webauthn:extension:largeBlob: true, webauthn:extension:minPinLength: true, webauthn:extension:prf: true, webauthn:virtualAuthenticators: true}
Session ID: 1e6f66f0decd457d63f941368a61e5fc
at java.base/jdk.internal.reflect.NativeConstructorAccessorImpl.newInstance0(Native Method)
at java.base/jdk.internal.reflect.NativeConstructorAccessorImpl.newInstance(NativeConstructorAccessorImpl.java:77)
at java.base/jdk.internal.reflect.DelegatingConstructorAccessorImpl.newInstance(DelegatingConstructorAccessorImpl.java:45)
at java.base/java.lang.reflect.Constructor.newInstanceWithCaller(Constructor.java:499)
at java.base/java.lang.reflect.Constructor.newInstance(Constructor.java:480)
at org.openqa.selenium.remote.ErrorCodec.decode(ErrorCodec.java:167)
at org.openqa.selenium.remote.codec.w3c.W3CHttpResponseCodec.decode(W3CHttpResponseCodec.java:138)
at org.openqa.selenium.remote.codec.w3c.W3CHttpResponseCodec.decode(W3CHttpResponseCodec.java:50)
at org.openqa.selenium.remote.HttpCommandExecutor.execute(HttpCommandExecutor.java:190)
at org.openqa.selenium.remote.service.DriverCommandExecutor.invokeExecute(DriverCommandExecutor.java:216)
at org.openqa.selenium.remote.service.DriverCommandExecutor.execute(DriverCommandExecutor.java:174)
at org.openqa.selenium.remote.RemoteWebDriver.execute(RemoteWebDriver.java:519)
at org.openqa.selenium.remote.ElementLocation$ElementFinder$2.findElement(ElementLocation.java:165)
at org.openqa.selenium.remote.ElementLocation.findElement(ElementLocation.java:59)
at org.openqa.selenium.remote.RemoteWebDriver.findElement(RemoteWebDriver.java:356)
at org.openqa.selenium.remote.RemoteWebDriver.findElement(RemoteWebDriver.java:350)
at com.testattendancetracking.AttendanceTrackAutomateTest.testErrorOnViewWithoutDate(AttendanceTrackAutomateTest.java:224)
at java.base/jdk.internal.reflect.NativeMethodAccessorImpl.invoke0(Native Method)
at java.base/jdk.internal.reflect.NativeMethodAccessorImpl.invoke(NativeMethodAccessorImpl.java:77)
at java.base/jdk.internal.reflect.DelegatingMethodAccessorImpl.invoke(DelegatingMethodAccessorImpl.java:43)
at java.base/java.lang.reflect.Method.invoke(Method.java:568)
at org.testng.internal.invokers.MethodInvocationHelper.invokeMethod(MethodInvocationHelper.java:139)
at org.testng.internal.invokers.TestInvoker.invokeMethod(TestInvoker.java:664)
at org.testng.internal.invokers.TestInvoker.invokeTestMethod(TestInvoker.java:228)
at org.testng.internal.invokers.MethodRunner.runInSequence(MethodRunner.java:63)
at org.testng.internal.invokers.TestInvoker$MethodInvocationAgent.invoke(TestInvoker.java:961)
at org.testng.internal.invokers.TestInvoker.invokeTestMethods(TestInvoker.java:201)
at org.testng.internal.invokers.TestMethodWorker.invokeTestMethods(TestMethodWorker.java:148)
at org.testng.internal.invokers.TestMethodWorker.run(TestMethodWorker.java:128)
at java.base/java.util.ArrayList.forEach(ArrayList.java:1511)
at org.testng.TestRunner.privateRun(TestRunner.java:819)
at org.testng.TestRunner.run(TestRunner.java:619)
at org.testng.SuiteRunner.runTest(SuiteRunner.java:443)
at org.testng.SuiteRunner.runSequentially(SuiteRunner.java:437)
at org.testng.SuiteRunner.privateRun(SuiteRunner.java:397)
at org.testng.SuiteRunner.run(SuiteRunner.java:336)
at org.testng.SuiteRunnerWorker.runSuite(SuiteRunnerWorker.java:52)
at org.testng.SuiteRunnerWorker.run(SuiteRunnerWorker.java:95)
at org.testng.TestNG.runSuitesSequentially(TestNG.java:1301)
at org.testng.TestNG.runSuitesLocally(TestNG.java:1228)
at org.testng.TestNG.runSuites(TestNG.java:1134)
at org.testng.TestNG.run(TestNG.java:1101)
at org.testng.remote.AbstractRemoteTestNG.run(AbstractRemoteTestNG.java:115)
at org.testng.remote.RemoteTestNG.initAndRun(RemoteTestNG.java:251)
at org.testng.remote.RemoteTestNG.main(RemoteTestNG.java:77)
]]>
            </full-stacktrace>
          </exception> <!-- org.openqa.selenium.NoSuchElementException -->
          <reporter-output>
          </reporter-output>
        </test-method> <!-- testErrorOnViewWithoutDate -->
        <test-method signature="testInvalidDateDisablesViewButton()[pri:0, instance:com.testattendancetracking.AttendanceTrackAutomateTest@59402b8f]" started-at="2024-03-14T13:01:35 IST" name="testInvalidDateDisablesViewButton" finished-at="2024-03-14T13:01:37 IST" duration-ms="1739" status="FAIL">
          <exception class="java.lang.AssertionError">
            <message>
              <![CDATA[View button is enabled for an invalid date]]>
            </message>
            <full-stacktrace>
              <![CDATA[java.lang.AssertionError: View button is enabled for an invalid date
at com.testattendancetracking.AttendanceTrackAutomateTest.testInvalidDateDisablesViewButton(AttendanceTrackAutomateTest.java:210)
at java.base/jdk.internal.reflect.NativeMethodAccessorImpl.invoke0(Native Method)
at java.base/jdk.internal.reflect.NativeMethodAccessorImpl.invoke(NativeMethodAccessorImpl.java:77)
at java.base/jdk.internal.reflect.DelegatingMethodAccessorImpl.invoke(DelegatingMethodAccessorImpl.java:43)
at java.base/java.lang.reflect.Method.invoke(Method.java:568)
at org.testng.internal.invokers.MethodInvocationHelper.invokeMethod(MethodInvocationHelper.java:139)
at org.testng.internal.invokers.TestInvoker.invokeMethod(TestInvoker.java:664)
at org.testng.internal.invokers.TestInvoker.invokeTestMethod(TestInvoker.java:228)
at org.testng.internal.invokers.MethodRunner.runInSequence(MethodRunner.java:63)
at org.testng.internal.invokers.TestInvoker$MethodInvocationAgent.invoke(TestInvoker.java:961)
at org.testng.internal.invokers.TestInvoker.invokeTestMethods(TestInvoker.java:201)
at org.testng.internal.invokers.TestMethodWorker.invokeTestMethods(TestMethodWorker.java:148)
at org.testng.internal.invokers.TestMethodWorker.run(TestMethodWorker.java:128)
at java.base/java.util.ArrayList.forEach(ArrayList.java:1511)
at org.testng.TestRunner.privateRun(TestRunner.java:819)
at org.testng.TestRunner.run(TestRunner.java:619)
at org.testng.SuiteRunner.runTest(SuiteRunner.java:443)
at org.testng.SuiteRunner.runSequentially(SuiteRunner.java:437)
at org.testng.SuiteRunner.privateRun(SuiteRunner.java:397)
at org.testng.SuiteRunner.run(SuiteRunner.java:336)
at org.testng.SuiteRunnerWorker.runSuite(SuiteRunnerWorker.java:52)
at org.testng.SuiteRunnerWorker.run(SuiteRunnerWorker.java:95)
at org.testng.TestNG.runSuitesSequentially(TestNG.java:1301)
at org.testng.TestNG.runSuitesLocally(TestNG.java:1228)
at org.testng.TestNG.runSuites(TestNG.java:1134)
at org.testng.TestNG.run(TestNG.java:1101)
at org.testng.remote.AbstractRemoteTestNG.run(AbstractRemoteTestNG.java:115)
at org.testng.remote.RemoteTestNG.initAndRun(RemoteTestNG.java:251)
at org.testng.remote.RemoteTestNG.main(RemoteTestNG.java:77)
]]>
            </full-stacktrace>
          </exception> <!-- java.lang.AssertionError -->
          <reporter-output>
          </reporter-output>
        </test-method> <!-- testInvalidDateDisablesViewButton -->
        <test-method signature="testPresenceOfDatePicker()[pri:0, instance:com.testattendancetracking.AttendanceTrackAutomateTest@59402b8f]" started-at="2024-03-14T13:01:37 IST" name="testPresenceOfDatePicker" finished-at="2024-03-14T13:01:38 IST" duration-ms="1158" status="PASS">
          <reporter-output>
          </reporter-output>
        </test-method> <!-- testPresenceOfDatePicker -->
        <test-method signature="testPresenceOfMyRecordsOption()[pri:0, instance:com.testattendancetracking.AttendanceTrackAutomateTest@59402b8f]" started-at="2024-03-14T13:01:38 IST" name="testPresenceOfMyRecordsOption" finished-at="2024-03-14T13:01:39 IST" duration-ms="1166" status="PASS">
          <reporter-output>
          </reporter-output>
        </test-method> <!-- testPresenceOfMyRecordsOption -->
        <test-method signature="testToShowUserAttendanceReport()[pri:0, instance:com.testattendancetracking.AttendanceTrackAutomateTest@59402b8f]" started-at="2024-03-14T13:01:39 IST" name="testToShowUserAttendanceReport" finished-at="2024-03-14T13:01:48 IST" duration-ms="8345" status="PASS">
          <reporter-output>
          </reporter-output>
        </test-method> <!-- testToShowUserAttendanceReport -->
        <test-method signature="testToShowUsersAttendanceHistory()[pri:0, instance:com.testattendancetracking.AttendanceTrackAutomateTest@59402b8f]" started-at="2024-03-14T13:01:48 IST" name="testToShowUsersAttendanceHistory" finished-at="2024-03-14T13:02:04 IST" duration-ms="16185" status="PASS">
          <reporter-output>
          </reporter-output>
        </test-method> <!-- testToShowUsersAttendanceHistory -->
        <test-method signature="testToVerifyUserAttendanceHistory()[pri:0, instance:com.testattendancetracking.AttendanceTrackAutomateTest@59402b8f]" started-at="2024-03-14T13:02:04 IST" name="testToVerifyUserAttendanceHistory" finished-at="2024-03-14T13:02:10 IST" duration-ms="6263" status="PASS">
          <reporter-output>
          </reporter-output>
        </test-method> <!-- testToVerifyUserAttendanceHistory -->
        <test-method signature="testToVerifyUserAttendanceInReports()[pri:0, instance:com.testattendancetracking.AttendanceTrackAutomateTest@59402b8f]" started-at="2024-03-14T13:02:10 IST" name="testToVerifyUserAttendanceInReports" finished-at="2024-03-14T13:02:36 IST" duration-ms="26066" status="PASS">
          <reporter-output>
          </reporter-output>
        </test-method> <!-- testToVerifyUserAttendanceInReports -->
        <test-method signature="testToVerifyUserNameInReports()[pri:0, instance:com.testattendancetracking.AttendanceTrackAutomateTest@59402b8f]" started-at="2024-03-14T13:02:36 IST" name="testToVerifyUserNameInReports" finished-at="2024-03-14T13:02:57 IST" duration-ms="21219" status="PASS">
          <reporter-output>
          </reporter-output>
        </test-method> <!-- testToVerifyUserNameInReports -->
        <test-method signature="testViewButtonInitiallyEnabled()[pri:0, instance:com.testattendancetracking.AttendanceTrackAutomateTest@59402b8f]" started-at="2024-03-14T13:02:57 IST" name="testViewButtonInitiallyEnabled" finished-at="2024-03-14T13:02:59 IST" duration-ms="1256" status="PASS">
          <reporter-output>
          </reporter-output>
        </test-method> <!-- testViewButtonInitiallyEnabled -->
        <test-method signature="testViewWithValidDateDisplaysRecords()[pri:0, instance:com.testattendancetracking.AttendanceTrackAutomateTest@59402b8f]" started-at="2024-03-14T13:02:59 IST" name="testViewWithValidDateDisplaysRecords" finished-at="2024-03-14T13:03:02 IST" duration-ms="3205" status="PASS">
          <reporter-output>
          </reporter-output>
        </test-method> <!-- testViewWithValidDateDisplaysRecords -->
        <test-method is-config="true" signature="closingBrowser()[pri:0, instance:com.testattendancetracking.AttendanceTrackAutomateTest@59402b8f]" started-at="2024-03-14T13:03:02 IST" name="closingBrowser" finished-at="2024-03-14T13:03:02 IST" duration-ms="241" status="PASS">
          <reporter-output>
          </reporter-output>
        </test-method> <!-- closingBrowser -->
      </class> <!-- com.testattendancetracking.AttendanceTrackAutomateTest -->
    </test> <!-- Test -->
  </suite> <!-- Suite -->
</testng-results>
